This is pdfTeX, Version 3.141592653-2.6-1.40.24 (MiKTeX 22.3) (preloaded format=pdflatex 2023.3.23)  30 MAR 2023 07:34
entering extended mode
 restricted \write18 enabled.
 file:line:error style messages enabled.
 %&-line parsing enabled.
**d:/dokumentace/23B/dokumentace.tex
(d:/dokumentace/23B/dokumentace.tex
LaTeX2e <2021-11-15> patch level 1
L3 programming layer <2022-02-24> (C:\Users\Martin\AppData\Local\Programs\MiKTeX\tex/latex/base\article.cls
Document Class: article 2021/10/04 v1.4n Standard LaTeX document class
(C:\Users\Martin\AppData\Local\Programs\MiKTeX\tex/latex/base\size12.clo
File: size12.clo 2021/10/04 v1.4n Standard LaTeX file (size option)
)
\c@part=\count185
\c@section=\count186
\c@subsection=\count187
\c@subsubsection=\count188
\c@paragraph=\count189
\c@subparagraph=\count190
\c@figure=\count191
\c@table=\count192
\abovecaptionskip=\skip47
\belowcaptionskip=\skip48
\bibindent=\dimen138
) (C:\Users\Martin\AppData\Local\Programs\MiKTeX\tex/latex/cmap\cmap.sty
Package: cmap 2021/02/06 v1.0j CMap support: searchable PDF
) (C:\Users\Martin\AppData\Local\Programs\MiKTeX\tex/latex/graphics\graphicx.sty
Package: graphicx 2021/09/16 v1.2d Enhanced LaTeX Graphics (DPC,SPQR)
 (C:\Users\Martin\AppData\Local\Programs\MiKTeX\tex/latex/graphics\keyval.sty
Package: keyval 2014/10/28 v1.15 key=value parser (DPC)
\KV@toks@=\toks16
) (C:\Users\Martin\AppData\Local\Programs\MiKTeX\tex/latex/graphics\graphics.sty
Package: graphics 2021/03/04 v1.4d Standard LaTeX Graphics (DPC,SPQR)
 (C:\Users\Martin\AppData\Local\Programs\MiKTeX\tex/latex/graphics\trig.sty
Package: trig 2021/08/11 v1.11 sin cos tan (DPC)
) (C:\Users\Martin\AppData\Local\Programs\MiKTeX\tex/latex/graphics-cfg\graphics.cfg
File: graphics.cfg 2016/06/04 v1.11 sample graphics configuration
)
Package graphics Info: Driver file: pdftex.def on input line 107.
 (C:\Users\Martin\AppData\Local\Programs\MiKTeX\tex/latex/graphics-def\pdftex.def
File: pdftex.def 2020/10/05 v1.2a Graphics/color driver for pdftex
))
\Gin@req@height=\dimen139
\Gin@req@width=\dimen140
) (C:\Users\Martin\AppData\Local\Programs\MiKTeX\tex/latex/base\inputenc.sty
Package: inputenc 2021/02/14 v1.3d Input encoding file
\inpenc@prehook=\toks17
\inpenc@posthook=\toks18
) (C:\Users\Martin\AppData\Local\Programs\MiKTeX\tex/latex/base\fontenc.sty
Package: fontenc 2021/04/29 v2.0v Standard LaTeX package
<<t1.cmap>>) (C:\Users\Martin\AppData\Local\Programs\MiKTeX\tex/generic/babel\babel.sty
Package: babel 2022/02/26 3.73 The Babel package
\babel@savecnt=\count193
\U@D=\dimen141
\l@unhyphenated=\language79
 (C:\Users\Martin\AppData\Local\Programs\MiKTeX\tex/generic/babel\txtbabel.def)
\bbl@readstream=\read2
\bbl@dirlevel=\count194

*************************************
* Local config file bblopts.cfg used
*
(C:\Users\Martin\AppData\Local\Programs\MiKTeX\tex/latex/arabi\bblopts.cfg
File: bblopts.cfg 2005/09/08 v0.1 add Arabic and Farsi to "declared" options of babel
) (C:\Users\Martin\AppData\Local\Programs\MiKTeX\tex/latex/babel-czech\czech.ldf
Language: czech 2008/07/06 v3.1a Czech support from the babel system
Package babel Info: Making " an active character on input line 172.
\cs@wordlen=\count195
Package babel Info: Making - an active character on input line 226.
)) (C:\Users\Martin\AppData\Local\Programs\MiKTeX\tex/latex/listings\listings.sty
\lst@mode=\count196
\lst@gtempboxa=\box50
\lst@token=\toks19
\lst@length=\count197
\lst@currlwidth=\dimen142
\lst@column=\count198
\lst@pos=\count199
\lst@lostspace=\dimen143
\lst@width=\dimen144
\lst@newlines=\count266
\lst@lineno=\count267
\lst@maxwidth=\dimen145
 (C:\Users\Martin\AppData\Local\Programs\MiKTeX\tex/latex/listings\lstmisc.sty
File: lstmisc.sty 2020/03/24 1.8d (Carsten Heinz)
\c@lstnumber=\count268
\lst@skipnumbers=\count269
\lst@framebox=\box51
) (C:\Users\Martin\AppData\Local\Programs\MiKTeX\tex/latex/listings\listings.cfg
File: listings.cfg 2020/03/24 1.8d listings configuration
))
Package: listings 2020/03/24 1.8d (Carsten Heinz)
 (C:\Users\Martin\AppData\Local\Programs\MiKTeX\tex/latex/xcolor\xcolor.sty
Package: xcolor 2021/10/31 v2.13 LaTeX color extensions (UK)
 (C:\Users\Martin\AppData\Local\Programs\MiKTeX\tex/latex/graphics-cfg\color.cfg
File: color.cfg 2016/01/02 v1.6 sample color configuration
)
Package xcolor Info: Driver file: pdftex.def on input line 227.
Package xcolor Info: Model `cmy' substituted by `cmy0' on input line 1352.
Package xcolor Info: Model `hsb' substituted by `rgb' on input line 1356.
Package xcolor Info: Model `RGB' extended on input line 1368.
Package xcolor Info: Model `HTML' substituted by `rgb' on input line 1370.
Package xcolor Info: Model `Hsb' substituted by `hsb' on input line 1371.
Package xcolor Info: Model `tHsb' substituted by `hsb' on input line 1372.
Package xcolor Info: Model `HSB' substituted by `hsb' on input line 1373.
Package xcolor Info: Model `Gray' substituted by `gray' on input line 1374.
Package xcolor Info: Model `wave' substituted by `hsb' on input line 1375.
) (C:\Users\Martin\AppData\Local\Programs\MiKTeX\tex/latex/pdfpages\pdfpages.sty
Package: pdfpages 2022/12/19 v0.5x Insert pages of external PDF documents (AM)
 (C:\Users\Martin\AppData\Local\Programs\MiKTeX\tex/latex/base\ifthen.sty
Package: ifthen 2020/11/24 v1.1c Standard LaTeX ifthen package (DPC)
) (C:\Users\Martin\AppData\Local\Programs\MiKTeX\tex/latex/tools\calc.sty
Package: calc 2017/05/25 v4.3 Infix arithmetic (KKT,FJ)
\calc@Acount=\count270
\calc@Bcount=\count271
\calc@Adimen=\dimen146
\calc@Bdimen=\dimen147
\calc@Askip=\skip49
\calc@Bskip=\skip50
LaTeX Info: Redefining \setlength on input line 80.
LaTeX Info: Redefining \addtolength on input line 81.
\calc@Ccount=\count272
\calc@Cskip=\skip51
) (C:\Users\Martin\AppData\Local\Programs\MiKTeX\tex/latex/eso-pic\eso-pic.sty
Package: eso-pic 2023/03/23 v3.0b eso-pic (RN)
\ESO@tempdima=\dimen148
\ESO@tempdimb=\dimen149
)
\AM@pagewidth=\dimen150
\AM@pageheight=\dimen151
\AM@fboxrule=\dimen152
 (C:\Users\Martin\AppData\Local\Programs\MiKTeX\tex/latex/pdfpages\pppdftex.def
File: pppdftex.def 2022/12/19 v0.5x Pdfpages driver for pdfTeX (AM)
)
\pdfpages@includegraphics@status=\count273
\AM@pagebox=\box52
\AM@global@opts=\toks20
\AM@pagecnt=\count274
\AM@toc@title=\toks21
\AM@lof@heading=\toks22
\c@AM@survey=\count275
\AM@templatesizebox=\box53
) (C:\Users\Martin\AppData\Local\Programs\MiKTeX\tex/latex/geometry\geometry.sty
Package: geometry 2020/01/02 v5.9 Page Geometry
 (C:\Users\Martin\AppData\Local\Programs\MiKTeX\tex/generic/iftex\ifvtex.sty
Package: ifvtex 2019/10/25 v1.7 ifvtex legacy package. Use iftex instead.
 (C:\Users\Martin\AppData\Local\Programs\MiKTeX\tex/generic/iftex\iftex.sty
Package: iftex 2022/02/03 v1.0f TeX engine tests
))
\Gm@cnth=\count276
\Gm@cntv=\count277
\c@Gm@tempcnt=\count278
\Gm@bindingoffset=\dimen153
\Gm@wd@mp=\dimen154
\Gm@odd@mp=\dimen155
\Gm@even@mp=\dimen156
\Gm@layoutwidth=\dimen157
\Gm@layoutheight=\dimen158
\Gm@layouthoffset=\dimen159
\Gm@layoutvoffset=\dimen160
\Gm@dimlist=\toks23
 (C:\Users\Martin\AppData\Local\Programs\MiKTeX\tex/latex/geometry\geometry.cfg)) (C:\Users\Martin\AppData\Local\Programs\MiKTeX\tex/latex/listings\lstlang1.sty
File: lstlang1.sty 2020/03/24 1.8d listings language file
) (C:\Users\Martin\AppData\Local\Programs\MiKTeX\tex/latex/l3backend\l3backend-pdftex.def
File: l3backend-pdftex.def 2022-02-07 L3 backend support: PDF output (pdfTeX)
\l__color_backend_stack_int=\count279
\l__pdf_internal_box=\box54
) (dokumentace.aux)
\openout1 = `dokumentace.aux'.

LaTeX Font Info:    Checking defaults for OML/cmm/m/it on input line 46.
LaTeX Font Info:    ... okay on input line 46.
LaTeX Font Info:    Checking defaults for OMS/cmsy/m/n on input line 46.
LaTeX Font Info:    ... okay on input line 46.
LaTeX Font Info:    Checking defaults for OT1/cmr/m/n on input line 46.
LaTeX Font Info:    ... okay on input line 46.
LaTeX Font Info:    Checking defaults for T1/cmr/m/n on input line 46.
LaTeX Font Info:    ... okay on input line 46.
LaTeX Font Info:    Checking defaults for TS1/cmr/m/n on input line 46.
LaTeX Font Info:    ... okay on input line 46.
LaTeX Font Info:    Checking defaults for OMX/cmex/m/n on input line 46.
LaTeX Font Info:    ... okay on input line 46.
LaTeX Font Info:    Checking defaults for U/cmr/m/n on input line 46.
LaTeX Font Info:    ... okay on input line 46.
 (C:\Users\Martin\AppData\Local\Programs\MiKTeX\tex/context/base/mkii\supp-pdf.mkii
[Loading MPS to PDF converter (version 2006.09.02).]
\scratchcounter=\count280
\scratchdimen=\dimen161
\scratchbox=\box55
\nofMPsegments=\count281
\nofMParguments=\count282
\everyMPshowfont=\toks24
\MPscratchCnt=\count283
\MPscratchDim=\dimen162
\MPnumerator=\count284
\makeMPintoPDFobject=\count285
\everyMPtoPDFconversion=\toks25
) (C:\Users\Martin\AppData\Local\Programs\MiKTeX\tex/latex/epstopdf-pkg\epstopdf-base.sty
Package: epstopdf-base 2020-01-24 v2.11 Base part for package epstopdf
Package epstopdf-base Info: Redefining graphics rule for `.eps' on input line 485.
 (C:\Users\Martin\AppData\Local\Programs\MiKTeX\tex/latex/00miktex\epstopdf-sys.cfg
File: epstopdf-sys.cfg 2021/03/18 v2.0 Configuration of epstopdf for MiKTeX
))
\c@lstlisting=\count286
 (C:\Users\Martin\AppData\Local\Programs\MiKTeX\tex/latex/pdflscape\pdflscape.sty
Package: pdflscape 2022-10-27 v0.13 Display of landscape pages in PDF

C:\Users\Martin\AppData\Local\Programs\MiKTeX\tex/latex/pdflscape\pdflscape.sty:47: Undefined control sequence.
<argument> \IfDocumentMetadataTF 
                                 {}{\RequirePackageWithOptions {pdflscape-no...
l.47 ...ePackageWithOptions{pdflscape-nometadata}}
                                                  
The control sequence at the end of the top line
of your error message was never \def'ed. If you have
misspelled it (e.g., `\hobx'), type `I' and the correct
spelling (e.g., `I\hbox'). Otherwise just continue,
and I'll forget about whatever was undefined.

(C:\Users\Martin\AppData\Local\Programs\MiKTeX\tex/latex/pdflscape\pdflscape-nometadata.sty
Package: pdflscape-nometadata 2022-10-28 v0.13 Display of landscape pages in PDF (HO)
 (C:\Users\Martin\AppData\Local\Programs\MiKTeX\tex/latex/graphics\lscape.sty
Package: lscape 2020/05/28 v3.02 Landscape Pages (DPC)
)
Package pdflscape Info: Auto-detected driver: pdftex on input line 81.
)
C:\Users\Martin\AppData\Local\Programs\MiKTeX\tex/latex/pdflscape\pdflscape.sty:47: Undefined control sequence.
<argument> ...e-nometadata}}\IfDocumentMetadataTF 
                                                  {}{\endinput }
l.47 ...ePackageWithOptions{pdflscape-nometadata}}
                                                  
The control sequence at the end of the top line
of your error message was never \def'ed. If you have
misspelled it (e.g., `\hobx'), type `I' and the correct
spelling (e.g., `I\hbox'). Otherwise just continue,
and I'll forget about whatever was undefined.

)
*geometry* driver: auto-detecting
*geometry* detected driver: pdftex
*geometry* verbose mode - [ preamble ] result:
* driver: pdftex
* paper: a4paper
* layout: <same size as paper>
* layoutoffset:(h,v)=(0.0pt,0.0pt)
* modes: 
* h-part:(L,W,R)=(71.13188pt, 455.24411pt, 71.13188pt)
* v-part:(T,H,B)=(85.35826pt, 674.33032pt, 85.35826pt)
* \paperwidth=597.50787pt
* \paperheight=845.04684pt
* \textwidth=455.24411pt
* \textheight=674.33032pt
* \oddsidemargin=-1.1381pt
* \evensidemargin=-1.1381pt
* \topmargin=-23.91173pt
* \headheight=12.0pt
* \headsep=25.0pt
* \topskip=12.0pt
* \footskip=30.0pt
* \marginparwidth=35.0pt
* \marginparsep=10.0pt
* \columnsep=10.0pt
* \skip\footins=10.8pt plus 4.0pt minus 2.0pt
* \hoffset=0.0pt
* \voffset=0.0pt
* \mag=1000
* \@twocolumnfalse
* \@twosidefalse
* \@mparswitchfalse
* \@reversemarginfalse
* (1in=72.27pt=25.4mm, 1cm=28.453pt)


Underfull \hbox (badness 10000) in paragraph at lines 64--69

 []

[1

{C:/Users/Martin/AppData/Local/MiKTeX/fonts/map/pdftex/pdftex.map}]

pdfTeX warning: pdflatex (file ./files/Zadani.pdf): PDF inclusion: found PDF version <1.6>, but at most version <1.5> allowed
<files/Zadani.pdf, id=9, 597.53635pt x 845.04686pt>
File: files/Zadani.pdf Graphic file (type pdf)
<use files/Zadani.pdf>
Package pdftex.def Info: files/Zadani.pdf  used on input line 72.
(pdftex.def)             Requested size: 597.53488pt x 845.0448pt.


pdfTeX warning: pdflatex (file ./files/Zadani.pdf): PDF inclusion: found PDF version <1.6>, but at most version <1.5> allowed
File: files/Zadani.pdf Graphic file (type pdf)
<use files/Zadani.pdf>
Package pdftex.def Info: files/Zadani.pdf  used on input line 72.
(pdftex.def)             Requested size: 597.53488pt x 845.0448pt.


pdfTeX warning: pdflatex (file ./files/Zadani.pdf): PDF inclusion: found PDF version <1.6>, but at most version <1.5> allowed


pdfTeX warning: pdflatex (file ./files/Zadani.pdf): PDF inclusion: found PDF version <1.6>, but at most version <1.5> allowed
<files/Zadani.pdf, id=12, page=1, 597.53635pt x 845.04686pt>
File: files/Zadani.pdf Graphic file (type pdf)
<use files/Zadani.pdf, page 1>
Package pdftex.def Info: files/Zadani.pdf , page1 used on input line 72.
(pdftex.def)             Requested size: 597.53488pt x 845.0448pt.
File: files/Zadani.pdf Graphic file (type pdf)
<use files/Zadani.pdf, page 1>
Package pdftex.def Info: files/Zadani.pdf , page1 used on input line 72.
(pdftex.def)             Requested size: 597.56223pt x 845.08348pt.
File: files/Zadani.pdf Graphic file (type pdf)
<use files/Zadani.pdf, page 1>
Package pdftex.def Info: files/Zadani.pdf , page1 used on input line 72.
(pdftex.def)             Requested size: 597.56223pt x 845.08348pt.
File: files/Zadani.pdf Graphic file (type pdf)
<use files/Zadani.pdf, page 1>
Package pdftex.def Info: files/Zadani.pdf , page1 used on input line 72.
(pdftex.def)             Requested size: 597.56223pt x 845.08348pt.
File: files/Zadani.pdf Graphic file (type pdf)
<use files/Zadani.pdf, page 1>
Package pdftex.def Info: files/Zadani.pdf , page1 used on input line 72.
(pdftex.def)             Requested size: 597.56223pt x 845.08348pt.
[1

 <./files/Zadani.pdf>] [2

] [3

]
Underfull \hbox (badness 10000) in paragraph at lines 93--97

 []


Underfull \hbox (badness 10000) in paragraph at lines 98--100

 []


Underfull \hbox (badness 10000) in paragraph at lines 101--105

 []


Underfull \hbox (badness 10000) in paragraph at lines 101--105

 []


Underfull \hbox (badness 10000) in paragraph at lines 106--110

 []


Underfull \hbox (badness 10000) in paragraph at lines 111--113

 []

[4

]
No file dokumentace.toc.
\tf@toc=\write3
\openout3 = `dokumentace.toc'.

[5

]
Underfull \hbox (badness 10000) in paragraph at lines 124--132

 []

[7

]
Underfull \hbox (badness 10000) in paragraph at lines 141--145

 []


Underfull \hbox (badness 10000) in paragraph at lines 146--151

 []


Underfull \hbox (badness 10000) in paragraph at lines 152--158

 []


Underfull \hbox (badness 10000) in paragraph at lines 159--162

 []


LaTeX Warning: Citation `GeeksforGeeks: Algorithms' on page 8 undefined on input line 166.

[8

]

LaTeX Warning: Citation `GeeksforGeeks: DFS' on page 9 undefined on input line 176.


LaTeX Warning: Citation `Khan Academy: DFS' on page 9 undefined on input line 176.


Underfull \hbox (badness 10000) in paragraph at lines 179--187

 []


LaTeX Warning: Citation `GeeksforGeeks: DFS' on page 9 undefined on input line 192.


LaTeX Warning: Citation `Khan Academy: DFS' on page 9 undefined on input line 192.

[9

] [10]

LaTeX Warning: Citation `GeeksforGeeks: DFS' on page 11 undefined on input line 284.

[11]

LaTeX Warning: Citation `GeeksforGeeks: BFS' on page 12 undefined on input line 293.


LaTeX Warning: Citation `Brilliant: BFS' on page 12 undefined on input line 293.


LaTeX Warning: Citation `GeeksforGeeks: BFS' on page 12 undefined on input line 301.


LaTeX Warning: Citation `Brilliant: BFS' on page 12 undefined on input line 301.

[12

] [13]

LaTeX Warning: Citation `GeeksforGeeks: BFS' on page 14 undefined on input line 403.

[14]

LaTeX Warning: Citation `GeeksforGeeks: Dijkstra' on page 15 undefined on input line 412.


LaTeX Warning: Citation `programiz: Dijkstra' on page 15 undefined on input line 412.


LaTeX Warning: Citation `GeeksforGeeks: Dijkstra' on page 15 undefined on input line 440.


LaTeX Warning: Citation `programiz: Dijkstra' on page 15 undefined on input line 440.

[15

] [16] [17]

LaTeX Warning: Citation `GeeksforGeeks: Dijkstra' on page 18 undefined on input line 548.

[18]
Underfull \hbox (badness 10000) in paragraph at lines 557--560

 []


Underfull \hbox (badness 10000) in paragraph at lines 561--565

 []


Underfull \hbox (badness 10000) in paragraph at lines 566--571

 []


LaTeX Warning: Citation `Mozilla: JavaScript' on page 19 undefined on input line 572.


Underfull \hbox (badness 10000) in paragraph at lines 574--578

 []


Underfull \hbox (badness 10000) in paragraph at lines 579--583

 []


LaTeX Warning: Citation `Svelte docs' on page 19 undefined on input line 584.

[19

]
<files/Vystup.png, id=90, 553.31718pt x 571.38469pt>
File: files/Vystup.png Graphic file (type png)
<use files/Vystup.png>
Package pdftex.def Info: files/Vystup.png  used on input line 597.
(pdftex.def)             Requested size: 442.65434pt x 457.10837pt.

Underfull \hbox (badness 10000) in paragraph at lines 602--605

 []

[20

 <./files/Vystup.png>] [21] [22] [23

]
No file dokumentace.lof.
\tf@lof=\write4
\openout4 = `dokumentace.lof'.

[24

]
Underfull \hbox (badness 2644) in paragraph at lines 688--689
[]\T1/cmr/m/n/12 Depth First Search or DFS for a Graph - Ge-eks-for-Ge-eks. Ge-eks-for-Ge-eks
 []


Underfull \hbox (badness 1655) in paragraph at lines 688--689
\T1/cmr/m/n/12 | A com-pu-ter science por-tal for ge-eks [on-line].[cit. 16.03.2023] Do-stupné z:
 []


Underfull \hbox (badness 1590) in paragraph at lines 695--696
[]\T1/cmr/m/n/12 Breadth First Search or BFS for a Graph - Ge-eks-for-Ge-eks. Ge-eks-for-Ge-eks
 []


Underfull \hbox (badness 1655) in paragraph at lines 695--696
\T1/cmr/m/n/12 | A com-pu-ter science por-tal for ge-eks [on-line].[cit. 16.03.2023] Do-stupné z:
 []


Underfull \hbox (badness 6775) in paragraph at lines 704--705
[]\T1/cmr/m/n/12 Dijkstra's Al-go-ri-thm for a Graph - Ge-eks-for-Ge-eks. Ge-eks-for-Ge-eks | A
 []


Underfull \hbox (badness 10000) in paragraph at lines 704--705
\T1/cmr/m/n/12 com-pu-ter science por-tal for ge-eks [on-line].[cit. 27.03.2023] Do-stupné z:
 []


Underfull \hbox (badness 10000) in paragraph at lines 707--708
[]\T1/cmr/m/n/12 Dijkstra's al-go-ri-thm. Pro-gra-miz. (n.d.). [cit. 27.03.2023] do-stupné z:
 []


Underfull \hbox (badness 10000) in paragraph at lines 713--714
[]\T1/cmr/m/n/12 JavaScript docs. MDN. (n.d.). [cit. 27.03.2023] do-stupné z:
 []

[25

] (dokumentace.aux)

LaTeX Warning: There were undefined references.


LaTeX Warning: Label(s) may have changed. Rerun to get cross-references right.

 ) 
Here is how much of TeX's memory you used:
 6426 strings out of 478582
 98962 string characters out of 2843872
 725020 words of memory out of 3000000
 24540 multiletter control sequences out of 15000+600000
 475300 words of font info for 37 fonts, out of 8000000 for 9000
 1141 hyphenation exceptions out of 8191
 66i,17n,66p,372b,1658s stack positions out of 10000i,1000n,20000p,200000b,80000s
 <C:\Users\Martin\AppData\Local\MiKTeX\fonts/pk/ljfour/jknappen/ec/dpi600\tcrm1200.pk> <C:\Users\Martin\AppData\Local\MiKTeX\fonts/pk/ljfour/jknappen/ec/dpi600\ecbx1200.pk> <C:\Users\Martin\AppData\Local\MiKTeX\fonts/pk/ljfour/jknappen/ec/dpi600\ecrm1200.pk> <C:\Users\Martin\AppData\Local\MiKTeX\fonts/pk/ljfour/jknappen/ec/dpi600\ecbx2074.pk> <C:\Users\Martin\AppData\Local\MiKTeX\fonts/pk/ljfour/jknappen/ec/dpi600\ecbx1440.pk> <C:\Users\Martin\AppData\Local\MiKTeX\fonts/pk/ljfour/jknappen/ec/dpi600\ecbx1728.pk>
Output written on dokumentace.pdf (25 pages, 207639 bytes).
PDF statistics:
 412 PDF objects out of 1000 (max. 8388607)
 0 named destinations out of 1000 (max. 500000)
 30 words of extra memory for PDF output out of 10000 (max. 10000000)

